0 info it worked if it ends with ok
1 verbose cli [ 'C:\\Program Files\\nodejs\\node.exe',
1 verbose cli   'C:\\Program Files\\nodejs\\node_modules\\npm\\bin\\npm-cli.js',
1 verbose cli   'i',
1 verbose cli   'https://github.com/rewish/jquery-bgswitcher.git',
1 verbose cli   '--save-dev' ]
2 info using npm@2.15.5
3 info using node@v4.4.5
4 verbose install initial load of C:\projects\Map\package.json
5 verbose installManyTop reading scoped package data from C:\projects\Map\node_modules\autoprefixer\package.json
6 verbose installManyTop reading scoped package data from C:\projects\Map\node_modules\bootstrap-sass\package.json
7 verbose installManyTop reading scoped package data from C:\projects\Map\node_modules\cssnano\package.json
8 verbose installManyTop reading scoped package data from C:\projects\Map\node_modules\grunt\package.json
9 verbose installManyTop reading scoped package data from C:\projects\Map\node_modules\grunt-browserify\package.json
10 verbose installManyTop reading scoped package data from C:\projects\Map\node_modules\grunt-contrib-clean\package.json
11 verbose installManyTop reading scoped package data from C:\projects\Map\node_modules\grunt-contrib-concat\package.json
12 verbose installManyTop reading scoped package data from C:\projects\Map\node_modules\grunt-contrib-copy\package.json
13 verbose installManyTop reading scoped package data from C:\projects\Map\node_modules\grunt-contrib-uglify\package.json
14 verbose installManyTop reading scoped package data from C:\projects\Map\node_modules\grunt-contrib-watch\package.json
15 verbose installManyTop reading scoped package data from C:\projects\Map\node_modules\grunt-postcss\package.json
16 verbose installManyTop reading scoped package data from C:\projects\Map\node_modules\grunt-remove-logging\package.json
17 verbose installManyTop reading scoped package data from C:\projects\Map\node_modules\grunt-sass\package.json
18 verbose installManyTop reading scoped package data from C:\projects\Map\node_modules\jquery\package.json
19 verbose installManyTop reading scoped package data from C:\projects\Map\node_modules\lodash\package.json
20 verbose installManyTop reading scoped package data from C:\projects\Map\node_modules\matchdep\package.json
21 verbose installManyTop reading scoped package data from C:\projects\Map\node_modules\pixrem\package.json
22 info package.json grunt@0.4.5 No license field.
23 info package.json grunt-browserify@5.0.0 No license field.
24 info package.json grunt-contrib-watch@0.6.1 No license field.
25 info package.json grunt-remove-logging@0.2.0 No license field.
26 info package.json pixrem@3.0.2 No license field.
27 info package.json matchdep@0.3.0 No license field.
28 verbose readDependencies loading dependencies from C:\projects\Map\package.json
29 silly cache add args [ 'https://github.com/rewish/jquery-bgswitcher.git', null ]
30 verbose cache add spec https://github.com/rewish/jquery-bgswitcher.git
31 silly cache add parsed spec Result {
31 silly cache add   raw: 'https://github.com/rewish/jquery-bgswitcher.git',
31 silly cache add   scope: null,
31 silly cache add   name: null,
31 silly cache add   rawSpec: 'https://github.com/rewish/jquery-bgswitcher.git',
31 silly cache add   spec: 'git+https://github.com/rewish/jquery-bgswitcher.git',
31 silly cache add   type: 'hosted',
31 silly cache add   hosted:
31 silly cache add    { type: 'github',
31 silly cache add      ssh: 'git@github.com:rewish/jquery-bgswitcher.git',
31 silly cache add      sshUrl: 'git+ssh://git@github.com/rewish/jquery-bgswitcher.git',
31 silly cache add      httpsUrl: 'git+https://github.com/rewish/jquery-bgswitcher.git',
31 silly cache add      gitUrl: 'git://github.com/rewish/jquery-bgswitcher.git',
31 silly cache add      shortcut: 'github:rewish/jquery-bgswitcher',
31 silly cache add      directUrl: 'https://raw.githubusercontent.com/rewish/jquery-bgswitcher/master/package.json' } }
32 verbose addRemoteGit caching https://github.com/rewish/jquery-bgswitcher.git
33 verbose addRemoteGit git+https://github.com/rewish/jquery-bgswitcher.git is a repository hosted by github
34 silly tryClone cloning git+https://github.com/rewish/jquery-bgswitcher.git via git+https://github.com/rewish/jquery-bgswitcher.git
35 verbose tryClone https-github-com-rewish-jquery-bgswitcher-git-214961a3 not in flight; caching
36 verbose correctMkdir C:\Users\Mac\AppData\Roaming\npm-cache\_git-remotes correctMkdir not in flight; initializing
37 info git [ 'clone',
37 info git   '--template=C:\\Users\\Mac\\AppData\\Roaming\\npm-cache\\_git-remotes\\_templates',
37 info git   '--mirror',
37 info git   'https://github.com/rewish/jquery-bgswitcher.git',
37 info git   'C:\\Users\\Mac\\AppData\\Roaming\\npm-cache\\_git-remotes\\https-github-com-rewish-jquery-bgswitcher-git-214961a3' ]
38 verbose mirrorRemote git+https://github.com/rewish/jquery-bgswitcher.git git clone https://github.com/rewish/jquery-bgswitcher.git
39 verbose setPermissions git+https://github.com/rewish/jquery-bgswitcher.git skipping chownr on Windows
40 verbose resolveHead git+https://github.com/rewish/jquery-bgswitcher.git original treeish: master
41 info git [ 'rev-list', '-n1', 'master' ]
42 silly resolveHead git+https://github.com/rewish/jquery-bgswitcher.git resolved treeish: ae9d4054f468174513f46e30ca8f569868062323
43 verbose resolveHead git+https://github.com/rewish/jquery-bgswitcher.git resolved Git URL: git+https://github.com/rewish/jquery-bgswitcher.git#ae9d4054f468174513f46e30ca8f569868062323
44 silly resolveHead Git working directory: C:\Users\Mac\AppData\Local\Temp\npm-18596-bbad7e7c\git-cache-95eb4cfbeb7c\ae9d4054f468174513f46e30ca8f569868062323
45 info git [ 'clone',
45 info git   'C:\\Users\\Mac\\AppData\\Roaming\\npm-cache\\_git-remotes\\https-github-com-rewish-jquery-bgswitcher-git-214961a3',
45 info git   'C:\\Users\\Mac\\AppData\\Local\\Temp\\npm-18596-bbad7e7c\\git-cache-95eb4cfbeb7c\\ae9d4054f468174513f46e30ca8f569868062323' ]
46 verbose cloneResolved git+https://github.com/rewish/jquery-bgswitcher.git clone Cloning into 'C:\Users\Mac\AppData\Local\Temp\npm-18596-bbad7e7c\git-cache-95eb4cfbeb7c\ae9d4054f468174513f46e30ca8f569868062323'...
46 verbose cloneResolved done.
47 info git [ 'checkout', 'ae9d4054f468174513f46e30ca8f569868062323' ]
48 verbose checkoutTreeish git+https://github.com/rewish/jquery-bgswitcher.git checkout Note: checking out 'ae9d4054f468174513f46e30ca8f569868062323'.
48 verbose checkoutTreeish
48 verbose checkoutTreeish You are in 'detached HEAD' state. You can look around, make experimental
48 verbose checkoutTreeish changes and commit them, and you can discard any commits you make in this
48 verbose checkoutTreeish state without impacting any branches by performing another checkout.
48 verbose checkoutTreeish
48 verbose checkoutTreeish If you want to create a new branch to retain commits you create, you may
48 verbose checkoutTreeish do so (now or later) by using -b with the checkout command again. Example:
48 verbose checkoutTreeish
48 verbose checkoutTreeish   git checkout -b <new-branch-name>
48 verbose checkoutTreeish
48 verbose checkoutTreeish HEAD is now at ae9d405... Fix a broken example
49 error addLocal Could not install C:\Users\Mac\AppData\Local\Temp\npm-18596-bbad7e7c\git-cache-95eb4cfbeb7c\ae9d4054f468174513f46e30ca8f569868062323
50 verbose stack Error: EISDIR: illegal operation on a directory, read
50 verbose stack     at Error (native)
51 verbose cwd C:\projects\Map
52 error Windows_NT 10.0.14393
53 error argv "C:\\Program Files\\nodejs\\node.exe" "C:\\Program Files\\nodejs\\node_modules\\npm\\bin\\npm-cli.js" "i" "https://github.com/rewish/jquery-bgswitcher.git" "--save-dev"
54 error node v4.4.5
55 error npm  v2.15.5
56 error code EISDIR
57 error errno -4068
58 error syscall read
59 error eisdir EISDIR: illegal operation on a directory, read
59 error eisdir This is most likely not a problem with npm itself
59 error eisdir and is related to npm not being able to find a package.json in
59 error eisdir a package you are trying to install.
60 verbose exit [ -4068, true ]
